<?xml version="1.0" encoding="UTF-8"?>
<testng-results ignored="0" total="1" passed="0" failed="1" skipped="0">
  <reporter-output>
  </reporter-output>
  <suite started-at="2022-07-15T14:26:18 IST" name="Default suite" finished-at="2022-07-15T14:26:36 IST" duration-ms="18367">
    <groups>
    </groups>
    <test started-at="2022-07-15T14:26:18 IST" name="Default test" finished-at="2022-07-15T14:26:36 IST" duration-ms="18367">
      <class name="org.studentManagement.admin.Admin">
        <test-method is-config="true" signature="suiteSetup()[pri:0, instance:org.studentManagement.admin.Admin@229c6181]" started-at="2022-07-15T14:26:18 IST" name="suiteSetup" finished-at="2022-07-15T14:26:18 IST" duration-ms="18" status="PASS">
          <reporter-output>
          </reporter-output>
        </test-method> <!-- suiteSetup -->
        <test-method is-config="true" signature="methodSetup()[pri:0, instance:org.studentManagement.admin.Admin@229c6181]" started-at="2022-07-15T14:26:18 IST" name="methodSetup" finished-at="2022-07-15T14:26:24 IST" duration-ms="6248" status="PASS">
          <reporter-output>
          </reporter-output>
        </test-method> <!-- methodSetup -->
        <test-method signature="DeleteParticularStudent()[pri:0, instance:org.studentManagement.admin.Admin@229c6181]" started-at="2022-07-15T14:26:24 IST" name="DeleteParticularStudent" finished-at="2022-07-15T14:26:35 IST" duration-ms="11391" status="FAIL">
          <exception class="org.openqa.selenium.NoSuchElementException">
            <message>
              <![CDATA[Cannot locate option with text: Grade1
For documentation on this error, please visit: https://selenium.dev/exceptions/#no_such_element
Build info: version: '4.2.2', revision: '683ccb65d6'
System info: host: 'DESKTOP-4T15L6D', ip: '192.168.227.1', os.name: 'Windows 10', os.arch: 'amd64', os.version: '10.0', java.version: '16.0.1'
Driver info: driver.version: unknown]]>
            </message>
            <full-stacktrace>
              <![CDATA[org.openqa.selenium.NoSuchElementException: Cannot locate option with text: Grade1
For documentation on this error, please visit: https://selenium.dev/exceptions/#no_such_element
Build info: version: '4.2.2', revision: '683ccb65d6'
System info: host: 'DESKTOP-4T15L6D', ip: '192.168.227.1', os.name: 'Windows 10', os.arch: 'amd64', os.version: '10.0', java.version: '16.0.1'
Driver info: driver.version: unknown
at org.openqa.selenium.support.ui.Select.selectByVisibleText(Select.java:151)
at org.tyss.genericUtility.WebDriverUtility.selectDropdown(WebDriverUtility.java:125)
at org.studentManagement.admin.Admin.DeleteParticularStudent(Admin.java:18)
at java.base/jdk.internal.reflect.NativeMethodAccessorImpl.invoke0(Native Method)
at java.base/jdk.internal.reflect.NativeMethodAccessorImpl.invoke(NativeMethodAccessorImpl.java:78)
at java.base/jdk.internal.reflect.DelegatingMethodAccessorImpl.invoke(DelegatingMethodAccessorImpl.java:43)
at java.base/java.lang.reflect.Method.invoke(Method.java:567)
at org.testng.internal.MethodInvocationHelper.invokeMethod(MethodInvocationHelper.java:133)
at org.testng.internal.TestInvoker.invokeMethod(TestInvoker.java:598)
at org.testng.internal.TestInvoker.invokeTestMethod(TestInvoker.java:173)
at org.testng.internal.MethodRunner.runInSequence(MethodRunner.java:46)
at org.testng.internal.TestInvoker$MethodInvocationAgent.invoke(TestInvoker.java:824)
at org.testng.internal.TestInvoker.invokeTestMethods(TestInvoker.java:146)
at org.testng.internal.TestMethodWorker.invokeTestMethods(TestMethodWorker.java:146)
at org.testng.internal.TestMethodWorker.run(TestMethodWorker.java:128)
at java.base/java.util.ArrayList.forEach(ArrayList.java:1511)
at org.testng.TestRunner.privateRun(TestRunner.java:794)
at org.testng.TestRunner.run(TestRunner.java:596)
at org.testng.SuiteRunner.runTest(SuiteRunner.java:377)
at org.testng.SuiteRunner.runSequentially(SuiteRunner.java:371)
at org.testng.SuiteRunner.privateRun(SuiteRunner.java:332)
at org.testng.SuiteRunner.run(SuiteRunner.java:276)
at org.testng.SuiteRunnerWorker.runSuite(SuiteRunnerWorker.java:53)
at org.testng.SuiteRunnerWorker.run(SuiteRunnerWorker.java:96)
at org.testng.TestNG.runSuitesSequentially(TestNG.java:1212)
at org.testng.TestNG.runSuitesLocally(TestNG.java:1134)
at org.testng.TestNG.runSuites(TestNG.java:1063)
at org.testng.TestNG.run(TestNG.java:1031)
at org.testng.remote.AbstractRemoteTestNG.run(AbstractRemoteTestNG.java:115)
at org.testng.remote.RemoteTestNG.initAndRun(RemoteTestNG.java:251)
at org.testng.remote.RemoteTestNG.main(RemoteTestNG.java:77)
]]>
            </full-stacktrace>
          </exception> <!-- org.openqa.selenium.NoSuchElementException -->
          <reporter-output>
          </reporter-output>
        </test-method> <!-- DeleteParticularStudent -->
        <test-method is-config="true" signature="methodTearDown()[pri:0, instance:org.studentManagement.admin.Admin@229c6181]" started-at="2022-07-15T14:26:35 IST" name="methodTearDown" finished-at="2022-07-15T14:26:36 IST" duration-ms="659" status="PASS">
          <reporter-output>
          </reporter-output>
        </test-method> <!-- methodTearDown -->
        <test-method is-config="true" signature="suiteTearDown()[pri:0, instance:org.studentManagement.admin.Admin@229c6181]" started-at="2022-07-15T14:26:36 IST" name="suiteTearDown" finished-at="2022-07-15T14:26:36 IST" duration-ms="1" status="PASS">
          <reporter-output>
          </reporter-output>
        </test-method> <!-- suiteTearDown -->
      </class> <!-- org.studentManagement.admin.Admin -->
    </test> <!-- Default test -->
  </suite> <!-- Default suite -->
</testng-results>
